This is pdfTeX, Version 3.141592653-2.6-1.40.22 (TeX Live 2022/dev/Debian) (preloaded format=pdflatex 2023.1.5)  23 MAY 2023 13:23
entering extended mode
 restricted \write18 enabled.
 %&-line parsing enabled.
**01PressureAccident.tex
(./01PressureAccident.tex
LaTeX2e <2021-11-15> patch level 1
L3 programming layer <2022-01-21>

! LaTeX Error: File `./CVUTdolphin.tex' not found.

Type X to quit or <RETURN> to proceed,
or enter new name. (Default extension: tex)

Enter file name: 
! Emergency stop.
<read *> 
         
l.1 \input{./CVUTdolphin}
                         ^^M
*** (cannot \read from terminal in nonstop modes)

 
Here is how much of TeX's memory you used:
 19 strings out of 479342
 491 string characters out of 5869179
 286513 words of memory out of 5000000
 18145 multiletter control sequences out of 15000+600000
 469259 words of font info for 28 fonts, out of 8000000 for 9000
 473 hyphenation exceptions out of 8191
 18i,0n,26p,78b,16s stack positions out of 5000i,500n,10000p,200000b,80000s
!  ==> Fatal error occurred, no output PDF file produced!
