This is pdfTeX, Version 3.141592653-2.6-1.40.22 (TeX Live 2022/dev/Debian) (preloaded format=pdflatex 2023.1.5)  25 MAY 2023 21:39
entering extended mode
 restricted \write18 enabled.
 %&-line parsing enabled.
**merged_graphs.tex
(./merged_graphs.tex
LaTeX2e <2021-11-15> patch level 1
L3 programming layer <2022-01-21>
(/usr/share/texlive/texmf-dist/tex/latex/base/article.cls
Document Class: article 2021/10/04 v1.4n Standard LaTeX document class
(/usr/share/texlive/texmf-dist/tex/latex/base/size10.clo
File: size10.clo 2021/10/04 v1.4n Standard LaTeX file (size option)
)
\c@part=\count185
\c@section=\count186
\c@subsection=\count187
\c@subsubsection=\count188
\c@paragraph=\count189
\c@subparagraph=\count190
\c@figure=\count191
\c@table=\count192
\abovecaptionskip=\skip47
\belowcaptionskip=\skip48
\bibindent=\dimen138
)
(/usr/share/texlive/texmf-dist/tex/latex/amsmath/amsmath.sty
Package: amsmath 2021/10/15 v2.17l AMS math features
\@mathmargin=\skip49

For additional information on amsmath, use the `?' option.
(/usr/share/texlive/texmf-dist/tex/latex/amsmath/amstext.sty
Package: amstext 2021/08/26 v2.01 AMS text

(/usr/share/texlive/texmf-dist/tex/latex/amsmath/amsgen.sty
File: amsgen.sty 1999/11/30 v2.0 generic functions
\@emptytoks=\toks16
\ex@=\dimen139
))
(/usr/share/texlive/texmf-dist/tex/latex/amsmath/amsbsy.sty
Package: amsbsy 1999/11/29 v1.2d Bold Symbols
\pmbraise@=\dimen140
)
(/usr/share/texlive/texmf-dist/tex/latex/amsmath/amsopn.sty
Package: amsopn 2021/08/26 v2.02 operator names
)
\inf@bad=\count193
LaTeX Info: Redefining \frac on input line 234.
\uproot@=\count194
\leftroot@=\count195
LaTeX Info: Redefining \overline on input line 399.
\classnum@=\count196
\DOTSCASE@=\count197
LaTeX Info: Redefining \ldots on input line 496.
LaTeX Info: Redefining \dots on input line 499.
LaTeX Info: Redefining \cdots on input line 620.
\Mathstrutbox@=\box50
\strutbox@=\box51
\big@size=\dimen141
LaTeX Font Info:    Redeclaring font encoding OML on input line 743.
LaTeX Font Info:    Redeclaring font encoding OMS on input line 744.
\macc@depth=\count198
\c@MaxMatrixCols=\count199
\dotsspace@=\muskip16
\c@parentequation=\count266
\dspbrk@lvl=\count267
\tag@help=\toks17
\row@=\count268
\column@=\count269
\maxfields@=\count270
\andhelp@=\toks18
\eqnshift@=\dimen142
\alignsep@=\dimen143
\tagshift@=\dimen144
\tagwidth@=\dimen145
\totwidth@=\dimen146
\lineht@=\dimen147
\@envbody=\toks19
\multlinegap=\skip50
\multlinetaggap=\skip51
\mathdisplay@stack=\toks20
LaTeX Info: Redefining \[ on input line 2938.
LaTeX Info: Redefining \] on input line 2939.
)
(/usr/share/texlive/texmf-dist/tex/latex/amsfonts/amsfonts.sty
Package: amsfonts 2013/01/14 v3.01 Basic AMSFonts support
\symAMSa=\mathgroup4
\symAMSb=\mathgroup5
LaTeX Font Info:    Redeclaring math symbol \hbar on input line 98.
LaTeX Font Info:    Overwriting math alphabet `\mathfrak' in version `bold'
(Font)                  U/euf/m/n --> U/euf/b/n on input line 106.
)
(/usr/share/texlive/texmf-dist/tex/latex/amsfonts/amssymb.sty
Package: amssymb 2013/01/14 v3.01 AMS font symbols
)
(/usr/share/texlive/texmf-dist/tex/latex/tools/multicol.sty
Package: multicol 2021/10/28 v1.9b multicolumn formatting (FMi)
\c@tracingmulticols=\count271
\mult@box=\box52
\multicol@leftmargin=\dimen148
\c@unbalance=\count272
\c@collectmore=\count273
\doublecol@number=\count274
\multicoltolerance=\count275
\multicolpretolerance=\count276
\full@width=\dimen149
\page@free=\dimen150
\premulticols=\dimen151
\postmulticols=\dimen152
\multicolsep=\skip52
\multicolbaselineskip=\skip53
\partial@page=\box53
\last@line=\box54
\maxbalancingoverflow=\dimen153
\mult@rightbox=\box55
\mult@grightbox=\box56
\mult@firstbox=\box57
\mult@gfirstbox=\box58
\@tempa=\box59
\@tempa=\box60
\@tempa=\box61
\@tempa=\box62
\@tempa=\box63
\@tempa=\box64
\@tempa=\box65
\@tempa=\box66
\@tempa=\box67
\@tempa=\box68
\@tempa=\box69
\@tempa=\box70
\@tempa=\box71
\@tempa=\box72
\@tempa=\box73
\@tempa=\box74
\@tempa=\box75
\@tempa=\box76
\@tempa=\box77
\@tempa=\box78
\@tempa=\box79
\@tempa=\box80
\@tempa=\box81
\@tempa=\box82
\@tempa=\box83
\@tempa=\box84
\@tempa=\box85
\@tempa=\box86
\@tempa=\box87
\@tempa=\box88
\@tempa=\box89
\@tempa=\box90
\@tempa=\box91
\@tempa=\box92
\@tempa=\box93
\@tempa=\box94
\c@minrows=\count277
\c@columnbadness=\count278
\c@finalcolumnbadness=\count279
\last@try=\dimen154
\multicolovershoot=\dimen155
\multicolundershoot=\dimen156
\mult@nat@firstbox=\box95
\colbreak@box=\box96
\mc@col@check@num=\count280
)
(/usr/share/texlive/texmf-dist/tex/latex/graphics/graphicx.sty
Package: graphicx 2021/09/16 v1.2d Enhanced LaTeX Graphics (DPC,SPQR)

(/usr/share/texlive/texmf-dist/tex/latex/graphics/keyval.sty
Package: keyval 2014/10/28 v1.15 key=value parser (DPC)
\KV@toks@=\toks21
)
(/usr/share/texlive/texmf-dist/tex/latex/graphics/graphics.sty
Package: graphics 2021/03/04 v1.4d Standard LaTeX Graphics (DPC,SPQR)

(/usr/share/texlive/texmf-dist/tex/latex/graphics/trig.sty
Package: trig 2021/08/11 v1.11 sin cos tan (DPC)
)
(/usr/share/texlive/texmf-dist/tex/latex/graphics-cfg/graphics.cfg
File: graphics.cfg 2016/06/04 v1.11 sample graphics configuration
)
Package graphics Info: Driver file: pdftex.def on input line 107.

(/usr/share/texlive/texmf-dist/tex/latex/graphics-def/pdftex.def
File: pdftex.def 2020/10/05 v1.2a Graphics/color driver for pdftex
))
\Gin@req@height=\dimen157
\Gin@req@width=\dimen158
)
(/usr/share/texlive/texmf-dist/tex/latex/lipsum/lipsum.sty
(/usr/share/texlive/texmf-dist/tex/latex/l3packages/l3keys2e/l3keys2e.sty
(/usr/share/texlive/texmf-dist/tex/latex/l3kernel/expl3.sty
Package: expl3 2022-01-21 L3 programming layer (loader) 

(/usr/share/texlive/texmf-dist/tex/latex/l3backend/l3backend-pdftex.def
File: l3backend-pdftex.def 2022-01-12 L3 backend support: PDF output (pdfTeX)
\l__color_backend_stack_int=\count281
\l__pdf_internal_box=\box97
))
Package: l3keys2e 2022-01-12 LaTeX2e option processing using LaTeX3 keys
)
Package: lipsum 2021-09-20 v2.7 150 paragraphs of Lorem Ipsum dummy text
\g__lipsum_par_int=\count282
\l__lipsum_a_int=\count283
\l__lipsum_b_int=\count284

(/usr/share/texlive/texmf-dist/tex/latex/lipsum/lipsum.ltd.tex))
(/usr/share/texlive/texmf-dist/tex/latex/float/float.sty
Package: float 2001/11/08 v1.3d Float enhancements (AL)
\c@float@type=\count285
\float@exts=\toks22
\float@box=\box98
\@float@everytoks=\toks23
\@floatcapt=\box99
)
No file merged_graphs.aux.
\openout1 = `merged_graphs.aux'.

LaTeX Font Info:    Checking defaults for OML/cmm/m/it on input line 12.
LaTeX Font Info:    ... okay on input line 12.
LaTeX Font Info:    Checking defaults for OMS/cmsy/m/n on input line 12.
LaTeX Font Info:    ... okay on input line 12.
LaTeX Font Info:    Checking defaults for OT1/cmr/m/n on input line 12.
LaTeX Font Info:    ... okay on input line 12.
LaTeX Font Info:    Checking defaults for T1/cmr/m/n on input line 12.
LaTeX Font Info:    ... okay on input line 12.
LaTeX Font Info:    Checking defaults for TS1/cmr/m/n on input line 12.
LaTeX Font Info:    ... okay on input line 12.
LaTeX Font Info:    Checking defaults for OMX/cmex/m/n on input line 12.
LaTeX Font Info:    ... okay on input line 12.
LaTeX Font Info:    Checking defaults for U/cmr/m/n on input line 12.
LaTeX Font Info:    ... okay on input line 12.
(/usr/share/texlive/texmf-dist/tex/context/base/mkii/supp-pdf.mkii
[Loading MPS to PDF converter (version 2006.09.02).]
\scratchcounter=\count286
\scratchdimen=\dimen159
\scratchbox=\box100
\nofMPsegments=\count287
\nofMParguments=\count288
\everyMPshowfont=\toks24
\MPscratchCnt=\count289
\MPscratchDim=\dimen160
\MPnumerator=\count290
\makeMPintoPDFobject=\count291
\everyMPtoPDFconversion=\toks25
) (/usr/share/texlive/texmf-dist/tex/latex/epstopdf-pkg/epstopdf-base.sty
Package: epstopdf-base 2020-01-24 v2.11 Base part for package epstopdf
Package epstopdf-base Info: Redefining graphics rule for `.eps' on input line 4
85.

(/usr/share/texlive/texmf-dist/tex/latex/latexconfig/epstopdf-sys.cfg
File: epstopdf-sys.cfg 2010/07/13 v1.3 Configuration of (r)epstopdf for TeX Liv
e
))
LaTeX Font Info:    Trying to load font information for U+msa on input line 13.


(/usr/share/texlive/texmf-dist/tex/latex/amsfonts/umsa.fd
File: umsa.fd 2013/01/14 v3.01 AMS symbols A
)
LaTeX Font Info:    Trying to load font information for U+msb on input line 13.


(/usr/share/texlive/texmf-dist/tex/latex/amsfonts/umsb.fd
File: umsb.fd 2013/01/14 v3.01 AMS symbols B
)
<./graphs/AUX FEED WATER FLOW_comp.pdf, id=1, 397.485pt x 212.795pt>
File: ./graphs/AUX FEED WATER FLOW_comp.pdf Graphic file (type pdf)
<use ./graphs/AUX FEED WATER FLOW_comp.pdf>
Package pdftex.def Info: ./graphs/AUX FEED WATER FLOW_comp.pdf  used on input l
ine 17.
(pdftex.def)             Requested size: 167.5pt x 89.672pt.
<./graphs/CONTAINMENT DRY WELL PRESSURE_comp.pdf, id=2, 397.485pt x 212.795pt>
File: ./graphs/CONTAINMENT DRY WELL PRESSURE_comp.pdf Graphic file (type pdf)
<use ./graphs/CONTAINMENT DRY WELL PRESSURE_comp.pdf>
Package pdftex.def Info: ./graphs/CONTAINMENT DRY WELL PRESSURE_comp.pdf  used 
on input line 21.
(pdftex.def)             Requested size: 167.5pt x 89.672pt.
<./graphs/CONTAINMENT DRY WELL TEMPERATURE_comp.pdf, id=3, 397.485pt x 212.795p
t>
File: ./graphs/CONTAINMENT DRY WELL TEMPERATURE_comp.pdf Graphic file (type pdf
)
<use ./graphs/CONTAINMENT DRY WELL TEMPERATURE_comp.pdf>
Package pdftex.def Info: ./graphs/CONTAINMENT DRY WELL TEMPERATURE_comp.pdf  us
ed on input line 25.
(pdftex.def)             Requested size: 167.5pt x 89.672pt.
<./graphs/CONTAINMENT WET WELL PRESSURE_comp.pdf, id=4, 397.485pt x 212.795pt>
File: ./graphs/CONTAINMENT WET WELL PRESSURE_comp.pdf Graphic file (type pdf)
<use ./graphs/CONTAINMENT WET WELL PRESSURE_comp.pdf>
Package pdftex.def Info: ./graphs/CONTAINMENT WET WELL PRESSURE_comp.pdf  used 
on input line 29.
(pdftex.def)             Requested size: 167.5pt x 89.672pt.
<./graphs/CONTAINMENT WET WELL TEMPERATURE_comp.pdf, id=5, 397.485pt x 212.795p
t>
File: ./graphs/CONTAINMENT WET WELL TEMPERATURE_comp.pdf Graphic file (type pdf
)
<use ./graphs/CONTAINMENT WET WELL TEMPERATURE_comp.pdf>
Package pdftex.def Info: ./graphs/CONTAINMENT WET WELL TEMPERATURE_comp.pdf  us
ed on input line 33.
(pdftex.def)             Requested size: 167.5pt x 89.672pt.
<./graphs/CORE SPRAY FLOW_comp.pdf, id=6, 397.485pt x 212.795pt>
File: ./graphs/CORE SPRAY FLOW_comp.pdf Graphic file (type pdf)
<use ./graphs/CORE SPRAY FLOW_comp.pdf>
Package pdftex.def Info: ./graphs/CORE SPRAY FLOW_comp.pdf  used on input line 
37.
(pdftex.def)             Requested size: 167.5pt x 89.672pt.
<./graphs/FEED WATER FLOW_comp.pdf, id=7, 397.485pt x 212.795pt>
File: ./graphs/FEED WATER FLOW_comp.pdf Graphic file (type pdf)
<use ./graphs/FEED WATER FLOW_comp.pdf>
Package pdftex.def Info: ./graphs/FEED WATER FLOW_comp.pdf  used on input line 
41.
(pdftex.def)             Requested size: 167.5pt x 89.672pt.
<./graphs/FEED WATER LINE BREAK VALVE 2 MASS FLOW_comp.pdf, id=8, 397.485pt x 2
12.795pt>
File: ./graphs/FEED WATER LINE BREAK VALVE 2 MASS FLOW_comp.pdf Graphic file (t
ype pdf)
<use ./graphs/FEED WATER LINE BREAK VALVE 2 MASS FLOW_comp.pdf>
Package pdftex.def Info: ./graphs/FEED WATER LINE BREAK VALVE 2 MASS FLOW_comp.
pdf  used on input line 45.
(pdftex.def)             Requested size: 167.5pt x 89.672pt.
<./graphs/FEED WATER TEMPERATURE IN LINE 1_comp.pdf, id=9, 397.485pt x 212.795p
t>
File: ./graphs/FEED WATER TEMPERATURE IN LINE 1_comp.pdf Graphic file (type pdf
)
<use ./graphs/FEED WATER TEMPERATURE IN LINE 1_comp.pdf>
Package pdftex.def Info: ./graphs/FEED WATER TEMPERATURE IN LINE 1_comp.pdf  us
ed on input line 49.
(pdftex.def)             Requested size: 167.5pt x 89.672pt.
 [1

{/var/lib/texmf/fonts/map/pdftex/updmap/pdftex.map} <./graphs/AUX FEED WATER FL
OW_comp.pdf> <./graphs/CONTAINMENT DRY WELL PRESSURE_comp.pdf

pdfTeX warning: pdflatex (file ./graphs/CONTAINMENT DRY WELL PRESSURE_comp.pdf)
: PDF inclusion: multiple pdfs with page group included in a single page
> <./graphs/CONTAINMENT DRY WELL TEMPERATURE_comp.pdf

pdfTeX warning: pdflatex (file ./graphs/CONTAINMENT DRY WELL TEMPERATURE_comp.p
df): PDF inclusion: multiple pdfs with page group included in a single page
> <./graphs/CONTAINMENT WET WELL PRESSURE_comp.pdf

pdfTeX warning: pdflatex (file ./graphs/CONTAINMENT WET WELL PRESSURE_comp.pdf)
: PDF inclusion: multiple pdfs with page group included in a single page
> <./graphs/CONTAINMENT WET WELL TEMPERATURE_comp.pdf

pdfTeX warning: pdflatex (file ./graphs/CONTAINMENT WET WELL TEMPERATURE_comp.p
df): PDF inclusion: multiple pdfs with page group included in a single page
> <./graphs/CORE SPRAY FLOW_comp.pdf

pdfTeX warning: pdflatex (file ./graphs/CORE SPRAY FLOW_comp.pdf): PDF inclusio
n: multiple pdfs with page group included in a single page
>]
<./graphs/FEED WATER TEMPERATURE IN LINE 2_comp.pdf, id=75, 397.485pt x 212.795
pt>
File: ./graphs/FEED WATER TEMPERATURE IN LINE 2_comp.pdf Graphic file (type pdf
)
<use ./graphs/FEED WATER TEMPERATURE IN LINE 2_comp.pdf>
Package pdftex.def Info: ./graphs/FEED WATER TEMPERATURE IN LINE 2_comp.pdf  us
ed on input line 53.
(pdftex.def)             Requested size: 167.5pt x 89.672pt.
<./graphs/FEED WATER TEMPERATURE IN LINE 3_comp.pdf, id=76, 397.485pt x 212.795
pt>
File: ./graphs/FEED WATER TEMPERATURE IN LINE 3_comp.pdf Graphic file (type pdf
)
<use ./graphs/FEED WATER TEMPERATURE IN LINE 3_comp.pdf>
Package pdftex.def Info: ./graphs/FEED WATER TEMPERATURE IN LINE 3_comp.pdf  us
ed on input line 57.
(pdftex.def)             Requested size: 167.5pt x 89.672pt.
<./graphs/FEED WATER TEMPERATURE IN LINE 4_comp.pdf, id=77, 397.485pt x 212.795
pt>
File: ./graphs/FEED WATER TEMPERATURE IN LINE 4_comp.pdf Graphic file (type pdf
)
<use ./graphs/FEED WATER TEMPERATURE IN LINE 4_comp.pdf>
Package pdftex.def Info: ./graphs/FEED WATER TEMPERATURE IN LINE 4_comp.pdf  us
ed on input line 61.
(pdftex.def)             Requested size: 167.5pt x 89.672pt.
<./graphs/MAXIMUM CLADDING TEMPERATURE_comp.pdf, id=78, 397.485pt x 212.795pt>
File: ./graphs/MAXIMUM CLADDING TEMPERATURE_comp.pdf Graphic file (type pdf)
<use ./graphs/MAXIMUM CLADDING TEMPERATURE_comp.pdf>
Package pdftex.def Info: ./graphs/MAXIMUM CLADDING TEMPERATURE_comp.pdf  used o
n input line 65.
(pdftex.def)             Requested size: 167.5pt x 89.672pt.
<./graphs/MIXTURE TEMPERATURE STEAM LINE 1_comp.pdf, id=79, 397.485pt x 212.795
pt>
File: ./graphs/MIXTURE TEMPERATURE STEAM LINE 1_comp.pdf Graphic file (type pdf
)
<use ./graphs/MIXTURE TEMPERATURE STEAM LINE 1_comp.pdf>
Package pdftex.def Info: ./graphs/MIXTURE TEMPERATURE STEAM LINE 1_comp.pdf  us
ed on input line 69.
(pdftex.def)             Requested size: 167.5pt x 89.672pt.
<./graphs/MIXTURE TEMPERATURE STEAM LINE 2_comp.pdf, id=80, 397.485pt x 212.795
pt>
File: ./graphs/MIXTURE TEMPERATURE STEAM LINE 2_comp.pdf Graphic file (type pdf
)
<use ./graphs/MIXTURE TEMPERATURE STEAM LINE 2_comp.pdf>
Package pdftex.def Info: ./graphs/MIXTURE TEMPERATURE STEAM LINE 2_comp.pdf  us
ed on input line 73.
(pdftex.def)             Requested size: 167.5pt x 89.672pt.
<./graphs/MIXTURE TEMPERATURE STEAM LINE 3_comp.pdf, id=81, 397.485pt x 212.795
pt>
File: ./graphs/MIXTURE TEMPERATURE STEAM LINE 3_comp.pdf Graphic file (type pdf
)
<use ./graphs/MIXTURE TEMPERATURE STEAM LINE 3_comp.pdf>
Package pdftex.def Info: ./graphs/MIXTURE TEMPERATURE STEAM LINE 3_comp.pdf  us
ed on input line 77.
(pdftex.def)             Requested size: 167.5pt x 89.672pt.
<./graphs/MIXTURE TEMPERATURE STEAM LINE 4_comp.pdf, id=82, 397.485pt x 212.795
pt>
File: ./graphs/MIXTURE TEMPERATURE STEAM LINE 4_comp.pdf Graphic file (type pdf
)
<use ./graphs/MIXTURE TEMPERATURE STEAM LINE 4_comp.pdf>
Package pdftex.def Info: ./graphs/MIXTURE TEMPERATURE STEAM LINE 4_comp.pdf  us
ed on input line 81.
(pdftex.def)             Requested size: 167.5pt x 89.672pt.
<./graphs/REACTOR POWER TO COOLANT_comp.pdf, id=83, 397.485pt x 212.795pt>
File: ./graphs/REACTOR POWER TO COOLANT_comp.pdf Graphic file (type pdf)
<use ./graphs/REACTOR POWER TO COOLANT_comp.pdf>
Package pdftex.def Info: ./graphs/REACTOR POWER TO COOLANT_comp.pdf  used on in
put line 85.
(pdftex.def)             Requested size: 167.5pt x 89.672pt.
 [2 <./graphs/FEED WATER FLOW_comp.pdf> <./graphs/FEED WATER LINE BREAK VALVE 2
 MASS FLOW_comp.pdf

pdfTeX warning: pdflatex (file ./graphs/FEED WATER LINE BREAK VALVE 2 MASS FLOW
_comp.pdf): PDF inclusion: multiple pdfs with page group included in a single p
age
> <./graphs/FEED WATER TEMPERATURE IN LINE 1_comp.pdf

pdfTeX warning: pdflatex (file ./graphs/FEED WATER TEMPERATURE IN LINE 1_comp.p
df): PDF inclusion: multiple pdfs with page group included in a single page
> <./graphs/FEED WATER TEMPERATURE IN LINE 2_comp.pdf

pdfTeX warning: pdflatex (file ./graphs/FEED WATER TEMPERATURE IN LINE 2_comp.p
df): PDF inclusion: multiple pdfs with page group included in a single page
> <./graphs/FEED WATER TEMPERATURE IN LINE 3_comp.pdf

pdfTeX warning: pdflatex (file ./graphs/FEED WATER TEMPERATURE IN LINE 3_comp.p
df): PDF inclusion: multiple pdfs with page group included in a single page
> <./graphs/FEED WATER TEMPERATURE IN LINE 4_comp.pdf

pdfTeX warning: pdflatex (file ./graphs/FEED WATER TEMPERATURE IN LINE 4_comp.p
df): PDF inclusion: multiple pdfs with page group included in a single page
> <./graphs/MAXIMUM CLADDING TEMPERATURE_comp.pdf

pdfTeX warning: pdflatex (file ./graphs/MAXIMUM CLADDING TEMPERATURE_comp.pdf):
 PDF inclusion: multiple pdfs with page group included in a single page
> <./graphs/MIXTURE TEMPERATURE STEAM LINE 1_comp.pdf

pdfTeX warning: pdflatex (file ./graphs/MIXTURE TEMPERATURE STEAM LINE 1_comp.p
df): PDF inclusion: multiple pdfs with page group included in a single page
> <./graphs/MIXTURE TEMPERATURE STEAM LINE 2_comp.pdf

pdfTeX warning: pdflatex (file ./graphs/MIXTURE TEMPERATURE STEAM LINE 2_comp.p
df): PDF inclusion: multiple pdfs with page group included in a single page
> <./graphs/MIXTURE TEMPERATURE STEAM LINE 3_comp.pdf

pdfTeX warning: pdflatex (file ./graphs/MIXTURE TEMPERATURE STEAM LINE 3_comp.p
df): PDF inclusion: multiple pdfs with page group included in a single page
>]
<./graphs/REACTOR PRESSURE VESSEL COARSE COLLAPSED LEVEL_comp.pdf, id=215, 397.
485pt x 212.795pt>
File: ./graphs/REACTOR PRESSURE VESSEL COARSE COLLAPSED LEVEL_comp.pdf Graphic 
file (type pdf)
<use ./graphs/REACTOR PRESSURE VESSEL COARSE COLLAPSED LEVEL_comp.pdf>
Package pdftex.def Info: ./graphs/REACTOR PRESSURE VESSEL COARSE COLLAPSED LEVE
L_comp.pdf  used on input line 89.
(pdftex.def)             Requested size: 167.5pt x 89.672pt.
<./graphs/REACTOR PRESSURE_comp.pdf, id=216, 397.485pt x 212.795pt>
File: ./graphs/REACTOR PRESSURE_comp.pdf Graphic file (type pdf)
<use ./graphs/REACTOR PRESSURE_comp.pdf>
Package pdftex.def Info: ./graphs/REACTOR PRESSURE_comp.pdf  used on input line
 93.
(pdftex.def)             Requested size: 167.5pt x 89.672pt.
<./graphs/REACTOR RELATIVE POWER_comp.pdf, id=217, 397.485pt x 212.795pt>
File: ./graphs/REACTOR RELATIVE POWER_comp.pdf Graphic file (type pdf)
<use ./graphs/REACTOR RELATIVE POWER_comp.pdf>
Package pdftex.def Info: ./graphs/REACTOR RELATIVE POWER_comp.pdf  used on inpu
t line 97.
(pdftex.def)             Requested size: 167.5pt x 89.672pt.
<./graphs/RECIRCULATION_FLOW_comp.pdf, id=218, 397.485pt x 212.795pt>
File: ./graphs/RECIRCULATION_FLOW_comp.pdf Graphic file (type pdf)
<use ./graphs/RECIRCULATION_FLOW_comp.pdf>
Package pdftex.def Info: ./graphs/RECIRCULATION_FLOW_comp.pdf  used on input li
ne 101.
(pdftex.def)             Requested size: 167.5pt x 89.672pt.
<./graphs/RELIEF SYSTEM FLOW_comp.pdf, id=219, 397.485pt x 212.795pt>
File: ./graphs/RELIEF SYSTEM FLOW_comp.pdf Graphic file (type pdf)
<use ./graphs/RELIEF SYSTEM FLOW_comp.pdf>
Package pdftex.def Info: ./graphs/RELIEF SYSTEM FLOW_comp.pdf  used on input li
ne 105.
(pdftex.def)             Requested size: 167.5pt x 89.672pt.
<./graphs/RPV COARSE LEVEL MEASUREMENT_comp.pdf, id=220, 397.485pt x 212.795pt>

File: ./graphs/RPV COARSE LEVEL MEASUREMENT_comp.pdf Graphic file (type pdf)
<use ./graphs/RPV COARSE LEVEL MEASUREMENT_comp.pdf>
Package pdftex.def Info: ./graphs/RPV COARSE LEVEL MEASUREMENT_comp.pdf  used o
n input line 109.
(pdftex.def)             Requested size: 167.5pt x 89.672pt.
<./graphs/RPV FINE LEVEL MEASUREMENT_comp.pdf, id=221, 397.485pt x 212.795pt>
File: ./graphs/RPV FINE LEVEL MEASUREMENT_comp.pdf Graphic file (type pdf)
<use ./graphs/RPV FINE LEVEL MEASUREMENT_comp.pdf>
Package pdftex.def Info: ./graphs/RPV FINE LEVEL MEASUREMENT_comp.pdf  used on 
input line 113.
(pdftex.def)             Requested size: 167.5pt x 89.672pt.
<./graphs/SIMULATION TIME_comp.pdf, id=222, 397.485pt x 212.795pt>
File: ./graphs/SIMULATION TIME_comp.pdf Graphic file (type pdf)
<use ./graphs/SIMULATION TIME_comp.pdf>
Package pdftex.def Info: ./graphs/SIMULATION TIME_comp.pdf  used on input line 
117.
(pdftex.def)             Requested size: 167.5pt x 89.672pt.
<./graphs/STEAM FLOW_comp.pdf, id=223, 397.485pt x 212.795pt>
File: ./graphs/STEAM FLOW_comp.pdf Graphic file (type pdf)
<use ./graphs/STEAM FLOW_comp.pdf>
Package pdftex.def Info: ./graphs/STEAM FLOW_comp.pdf  used on input line 121.
(pdftex.def)             Requested size: 167.5pt x 89.672pt.
<./graphs/STEAM LINE 1 ISOLATION VALVE POSITION_comp.pdf, id=224, 397.485pt x 2
12.795pt>
File: ./graphs/STEAM LINE 1 ISOLATION VALVE POSITION_comp.pdf Graphic file (typ
e pdf)
<use ./graphs/STEAM LINE 1 ISOLATION VALVE POSITION_comp.pdf>
Package pdftex.def Info: ./graphs/STEAM LINE 1 ISOLATION VALVE POSITION_comp.pd
f  used on input line 125.
(pdftex.def)             Requested size: 167.5pt x 89.672pt.
 [3 <./graphs/MIXTURE TEMPERATURE STEAM LINE 4_comp.pdf> <./graphs/REACTOR POWE
R TO COOLANT_comp.pdf

pdfTeX warning: pdflatex (file ./graphs/REACTOR POWER TO COOLANT_comp.pdf): PDF
 inclusion: multiple pdfs with page group included in a single page
> <./graphs/REACTOR PRESSURE VESSEL COARSE COLLAPSED LEVEL_comp.pdf

pdfTeX warning: pdflatex (file ./graphs/REACTOR PRESSURE VESSEL COARSE COLLAPSE
D LEVEL_comp.pdf): PDF inclusion: multiple pdfs with page group included in a s
ingle page
> <./graphs/REACTOR PRESSURE_comp.pdf

pdfTeX warning: pdflatex (file ./graphs/REACTOR PRESSURE_comp.pdf): PDF inclusi
on: multiple pdfs with page group included in a single page
> <./graphs/REACTOR RELATIVE POWER_comp.pdf

pdfTeX warning: pdflatex (file ./graphs/REACTOR RELATIVE POWER_comp.pdf): PDF i
nclusion: multiple pdfs with page group included in a single page
> <./graphs/RECIRCULATION_FLOW_comp.pdf

pdfTeX warning: pdflatex (file ./graphs/RECIRCULATION_FLOW_comp.pdf): PDF inclu
sion: multiple pdfs with page group included in a single page
> <./graphs/RELIEF SYSTEM FLOW_comp.pdf

pdfTeX warning: pdflatex (file ./graphs/RELIEF SYSTEM FLOW_comp.pdf): PDF inclu
sion: multiple pdfs with page group included in a single page
> <./graphs/RPV COARSE LEVEL MEASUREMENT_comp.pdf

pdfTeX warning: pdflatex (file ./graphs/RPV COARSE LEVEL MEASUREMENT_comp.pdf):
 PDF inclusion: multiple pdfs with page group included in a single page
> <./graphs/RPV FINE LEVEL MEASUREMENT_comp.pdf

pdfTeX warning: pdflatex (file ./graphs/RPV FINE LEVEL MEASUREMENT_comp.pdf): P
DF inclusion: multiple pdfs with page group included in a single page
> <./graphs/SIMULATION TIME_comp.pdf

pdfTeX warning: pdflatex (file ./graphs/SIMULATION TIME_comp.pdf): PDF inclusio
n: multiple pdfs with page group included in a single page
>]
<./graphs/STEAM LINE 2 ISOLATION VALVE POSITION_comp.pdf, id=306, 397.485pt x 2
12.795pt>
File: ./graphs/STEAM LINE 2 ISOLATION VALVE POSITION_comp.pdf Graphic file (typ
e pdf)
<use ./graphs/STEAM LINE 2 ISOLATION VALVE POSITION_comp.pdf>
Package pdftex.def Info: ./graphs/STEAM LINE 2 ISOLATION VALVE POSITION_comp.pd
f  used on input line 129.
(pdftex.def)             Requested size: 167.5pt x 89.672pt.
<./graphs/STEAM LINE 3 ISOLATION VALVE POSITION_comp.pdf, id=307, 397.485pt x 2
12.795pt>
File: ./graphs/STEAM LINE 3 ISOLATION VALVE POSITION_comp.pdf Graphic file (typ
e pdf)
<use ./graphs/STEAM LINE 3 ISOLATION VALVE POSITION_comp.pdf>
Package pdftex.def Info: ./graphs/STEAM LINE 3 ISOLATION VALVE POSITION_comp.pd
f  used on input line 133.
(pdftex.def)             Requested size: 167.5pt x 89.672pt.
<./graphs/STEAM LINE 4 ISOLATION VALVE POSITION_comp.pdf, id=308, 397.485pt x 2
12.795pt>
File: ./graphs/STEAM LINE 4 ISOLATION VALVE POSITION_comp.pdf Graphic file (typ
e pdf)
<use ./graphs/STEAM LINE 4 ISOLATION VALVE POSITION_comp.pdf>
Package pdftex.def Info: ./graphs/STEAM LINE 4 ISOLATION VALVE POSITION_comp.pd
f  used on input line 137.
(pdftex.def)             Requested size: 167.5pt x 89.672pt.
<./graphs/STEAM LINE BREAK VALVE 1 MASS FLOW_comp.pdf, id=309, 397.485pt x 212.
795pt>
File: ./graphs/STEAM LINE BREAK VALVE 1 MASS FLOW_comp.pdf Graphic file (type p
df)
<use ./graphs/STEAM LINE BREAK VALVE 1 MASS FLOW_comp.pdf>
Package pdftex.def Info: ./graphs/STEAM LINE BREAK VALVE 1 MASS FLOW_comp.pdf  
used on input line 141.
(pdftex.def)             Requested size: 167.5pt x 89.672pt.
<./graphs/STEAM LINE BREAK VALVE 2 MASS FLOW_comp.pdf, id=310, 397.485pt x 212.
795pt>
File: ./graphs/STEAM LINE BREAK VALVE 2 MASS FLOW_comp.pdf Graphic file (type p
df)
<use ./graphs/STEAM LINE BREAK VALVE 2 MASS FLOW_comp.pdf>
Package pdftex.def Info: ./graphs/STEAM LINE BREAK VALVE 2 MASS FLOW_comp.pdf  
used on input line 145.
(pdftex.def)             Requested size: 167.5pt x 89.672pt.
 [4 <./graphs/STEAM FLOW_comp.pdf> <./graphs/STEAM LINE 1 ISOLATION VALVE POSIT
ION_comp.pdf

pdfTeX warning: pdflatex (file ./graphs/STEAM LINE 1 ISOLATION VALVE POSITION_c
omp.pdf): PDF inclusion: multiple pdfs with page group included in a single pag
e
> <./graphs/STEAM LINE 2 ISOLATION VALVE POSITION_comp.pdf

pdfTeX warning: pdflatex (file ./graphs/STEAM LINE 2 ISOLATION VALVE POSITION_c
omp.pdf): PDF inclusion: multiple pdfs with page group included in a single pag
e
> <./graphs/STEAM LINE 3 ISOLATION VALVE POSITION_comp.pdf

pdfTeX warning: pdflatex (file ./graphs/STEAM LINE 3 ISOLATION VALVE POSITION_c
omp.pdf): PDF inclusion: multiple pdfs with page group included in a single pag
e
> <./graphs/STEAM LINE 4 ISOLATION VALVE POSITION_comp.pdf

pdfTeX warning: pdflatex (file ./graphs/STEAM LINE 4 ISOLATION VALVE POSITION_c
omp.pdf): PDF inclusion: multiple pdfs with page group included in a single pag
e
> <./graphs/STEAM LINE BREAK VALVE 1 MASS FLOW_comp.pdf

pdfTeX warning: pdflatex (file ./graphs/STEAM LINE BREAK VALVE 1 MASS FLOW_comp
.pdf): PDF inclusion: multiple pdfs with page group included in a single page
> <./graphs/STEAM LINE BREAK VALVE 2 MASS FLOW_comp.pdf

pdfTeX warning: pdflatex (file ./graphs/STEAM LINE BREAK VALVE 2 MASS FLOW_comp
.pdf): PDF inclusion: multiple pdfs with page group included in a single page
>] (./merged_graphs.aux) ) 
Here is how much of TeX's memory you used:
 3379 strings out of 479342
 62927 string characters out of 5869179
 424151 words of memory out of 5000000
 21356 multiletter control sequences out of 15000+600000
 474203 words of font info for 47 fonts, out of 8000000 for 9000
 473 hyphenation exceptions out of 8191
 68i,6n,77p,243b,302s stack positions out of 5000i,500n,10000p,200000b,80000s
</usr/share/texlive/texmf-dist/fonts/type1/public/ams
fonts/cm/cmr10.pfb></usr/share/texlive/texmf-dist/fonts/type1/public/amsfonts/c
m/cmr12.pfb></usr/share/texlive/texmf-dist/fonts/type1/public/amsfonts/cm/cmr17
.pfb>
Output written on merged_graphs.pdf (4 pages, 1265860 bytes).
PDF statistics:
 379 PDF objects out of 1000 (max. 8388607)
 243 compressed objects within 3 object streams
 0 named destinations out of 1000 (max. 500000)
 166 words of extra memory for PDF output out of 10000 (max. 10000000)

